[debug] [2022-04-03T15:16:42.215Z] ----------------------------------------------------------------------
[debug] [2022-04-03T15:16:42.217Z] Command:       C:\Users\raghavendra\node.exe C:\Users\raghavendra\AppData\Roaming\npm\node_modules\firebase-tools\lib\bin\firebase.js init
[debug] [2022-04-03T15:16:42.217Z] CLI Version:   10.5.0
[debug] [2022-04-03T15:16:42.217Z] Platform:      win32
[debug] [2022-04-03T15:16:42.217Z] Node Version:  v14.17.5
[debug] [2022-04-03T15:16:42.218Z] Time:          Sun Apr 03 2022 20:46:42 GMT+0530 (India Standard Time)
[debug] [2022-04-03T15:16:42.218Z] ----------------------------------------------------------------------
[debug] 
[debug] [2022-04-03T15:16:42.226Z] > command requires scopes: ["email","openid","https://www.googleapis.com/auth/cloudplatformprojects.readonly","https://www.googleapis.com/auth/firebase","https://www.googleapis.com/auth/cloud-platform"]
[debug] [2022-04-03T15:16:42.226Z] > authorizing via signed-in user (raghavendrarao668@gmail.com)
[info] 
     ######## #### ########  ######## ########     ###     ######  ########
     ##        ##  ##     ## ##       ##     ##  ##   ##  ##       ##
     ######    ##  ########  ######   ########  #########  ######  ######
     ##        ##  ##    ##  ##       ##     ## ##     ##       ## ##
     ##       #### ##     ## ######## ########  ##     ##  ######  ########

You're about to initialize a Firebase project in this directory:

  C:\Users\raghavendra\Desktop\React JS training\react-revision\src\Components\SearchMovieMiniProject\Firebase Todo project

[info] 
=== Project Setup
[info] 
[info] First, let's associate this project directory with a Firebase project.
[info] You can create multiple project aliases by running firebase use --add, 
[info] but for now we'll just set up a default project.
[info] 
[debug] [2022-04-03T15:16:54.257Z] >>> [apiv2][query] GET https://firebase.googleapis.com/v1beta1/projects pageSize=100
[debug] [2022-04-03T15:20:14.735Z] Timeout reached making request to https://firebase.googleapis.com/v1beta1/projects?pageSize=100
[debug] [2022-04-03T15:20:15.180Z] FirebaseError: Timeout reached making request to https://firebase.googleapis.com/v1beta1/projects?pageSize=100
    at RetryOperation._fn (C:\Users\raghavendra\AppData\Roaming\npm\node_modules\firebase-tools\lib\apiv2.js:236:35)
    at processTicksAndRejections (internal/process/task_queues.js:95:5)
[error] 
[error] Error: Failed to list Firebase projects. See firebase-debug.log for more info.
